2024-08-02 11:12:48.009  INFO 27900 --- [           main] org.springframework.data.repository.config.RepositoryConfigurationDelegate : Bootstrapping Spring Data JPA repositories in DEFAULT mode.
2024-08-02 11:12:48.037  INFO 27900 --- [           main] org.springframework.data.repository.config.RepositoryConfigurationDelegate : Finished Spring Data repository scanning in 21 ms. Found 2 JPA repository interfaces.
2024-08-02 11:12:48.249  INFO 27900 --- [           main] org.springframework.boot.web.embedded.tomcat.TomcatWebServer : Tomcat initialized with port 8080 (http)
2024-08-02 11:12:48.256  INFO 27900 --- [           main] org.apache.catalina.core.StandardService : Starting service [Tomcat]
2024-08-02 11:12:48.257  INFO 27900 --- [           main] org.apache.catalina.core.StandardEngine : Starting Servlet engine: [Apache Tomcat/10.1.26]
2024-08-02 11:12:48.284  INFO 27900 --- [           main] org.apache.catalina.core.ContainerBase.[Tomcat].[localhost].[/] : Initializing Spring embedded WebApplicationContext
2024-08-02 11:12:48.285  INFO 27900 --- [           main] org.springframework.boot.web.servlet.context.ServletWebServerApplicationContext : Root WebApplicationContext: initialization completed in 533 ms
2024-08-02 11:12:48.316  WARN 27900 --- [           main] org.springframework.boot.web.servlet.context.AnnotationConfigServletWebServerApplicationContext : Exception encountered during context initialization - cancelling refresh attempt: org.springframework.beans.factory.BeanCreationException: Error creating bean with name 'entityManagerFactory' defined in class path resource [org/springframework/boot/autoconfigure/orm/jpa/HibernateJpaConfiguration.class]: Failed to initialize dependency 'dataSourceScriptDatabaseInitializer' of LoadTimeWeaverAware bean 'entityManagerFactory': Error creating bean with name 'dataSourceScriptDatabaseInitializer' defined in class path resource [org/springframework/boot/autoconfigure/sql/init/DataSourceInitializationConfiguration.class]: Unsatisfied dependency expressed through method 'dataSourceScriptDatabaseInitializer' parameter 0: Error creating bean with name 'dataSource' defined in class path resource [org/springframework/boot/autoconfigure/jdbc/DataSourceConfiguration$Hikari.class]: Failed to instantiate [com.zaxxer.hikari.HikariDataSource]: Factory method 'dataSource' threw exception with message: Failed to determine a suitable driver class
2024-08-02 11:12:48.318  INFO 27900 --- [           main] org.apache.catalina.core.StandardService : Stopping service [Tomcat]
2024-08-02 11:12:48.326  INFO 27900 --- [           main] org.springframework.boot.autoconfigure.logging.ConditionEvaluationReportLogger : 

Error starting ApplicationContext. To display the condition evaluation report re-run your application with 'debug' enabled.
2024-08-02 11:12:48.333 ERROR 27900 --- [           main] org.springframework.boot.diagnostics.LoggingFailureAnalysisReporter : 

***************************
APPLICATION FAILED TO START
***************************

Description:

Failed to configure a DataSource: 'url' attribute is not specified and no embedded datasource could be configured.

Reason: Failed to determine a suitable driver class


Action:

Consider the following:
	If you want an embedded database (H2, HSQL or Derby), please put it on the classpath.
	If you have database settings to be loaded from a particular profile you may need to activate it (no profiles are currently active).

2024-08-02 11:13:17.923  INFO 28384 --- [           main] org.springframework.data.repository.config.RepositoryConfigurationDelegate : Bootstrapping Spring Data JPA repositories in DEFAULT mode.
2024-08-02 11:13:17.955  INFO 28384 --- [           main] org.springframework.data.repository.config.RepositoryConfigurationDelegate : Finished Spring Data repository scanning in 24 ms. Found 2 JPA repository interfaces.
2024-08-02 11:13:18.189  INFO 28384 --- [           main] org.springframework.boot.web.embedded.tomcat.TomcatWebServer : Tomcat initialized with port 8080 (http)
2024-08-02 11:13:18.196  INFO 28384 --- [           main] org.apache.catalina.core.StandardService : Starting service [Tomcat]
2024-08-02 11:13:18.196  INFO 28384 --- [           main] org.apache.catalina.core.StandardEngine : Starting Servlet engine: [Apache Tomcat/10.1.26]
2024-08-02 11:13:18.226  INFO 28384 --- [           main] org.apache.catalina.core.ContainerBase.[Tomcat].[localhost].[/] : Initializing Spring embedded WebApplicationContext
2024-08-02 11:13:18.227  INFO 28384 --- [           main] org.springframework.boot.web.servlet.context.ServletWebServerApplicationContext : Root WebApplicationContext: initialization completed in 553 ms
2024-08-02 11:13:18.266  WARN 28384 --- [           main] org.springframework.boot.web.servlet.context.AnnotationConfigServletWebServerApplicationContext : Exception encountered during context initialization - cancelling refresh attempt: org.springframework.beans.factory.BeanCreationException: Error creating bean with name 'entityManagerFactory' defined in class path resource [org/springframework/boot/autoconfigure/orm/jpa/HibernateJpaConfiguration.class]: Failed to initialize dependency 'dataSourceScriptDatabaseInitializer' of LoadTimeWeaverAware bean 'entityManagerFactory': Error creating bean with name 'dataSourceScriptDatabaseInitializer' defined in class path resource [org/springframework/boot/autoconfigure/sql/init/DataSourceInitializationConfiguration.class]: Unsatisfied dependency expressed through method 'dataSourceScriptDatabaseInitializer' parameter 0: Error creating bean with name 'dataSource' defined in class path resource [org/springframework/boot/autoconfigure/jdbc/DataSourceConfiguration$Hikari.class]: Failed to instantiate [com.zaxxer.hikari.HikariDataSource]: Factory method 'dataSource' threw exception with message: Failed to determine a suitable driver class
2024-08-02 11:13:18.267  INFO 28384 --- [           main] org.apache.catalina.core.StandardService : Stopping service [Tomcat]
2024-08-02 11:13:18.276  INFO 28384 --- [           main] org.springframework.boot.autoconfigure.logging.ConditionEvaluationReportLogger : 

Error starting ApplicationContext. To display the condition evaluation report re-run your application with 'debug' enabled.
2024-08-02 11:13:18.284 ERROR 28384 --- [           main] org.springframework.boot.diagnostics.LoggingFailureAnalysisReporter : 

***************************
APPLICATION FAILED TO START
***************************

Description:

Failed to configure a DataSource: 'url' attribute is not specified and no embedded datasource could be configured.

Reason: Failed to determine a suitable driver class


Action:

Consider the following:
	If you want an embedded database (H2, HSQL or Derby), please put it on the classpath.
	If you have database settings to be loaded from a particular profile you may need to activate it (no profiles are currently active).

2024-08-02 11:29:00.255  INFO 29972 --- [           main] org.springframework.data.repository.config.RepositoryConfigurationDelegate : Bootstrapping Spring Data JPA repositories in DEFAULT mode.
2024-08-02 11:29:00.282  INFO 29972 --- [           main] org.springframework.data.repository.config.RepositoryConfigurationDelegate : Finished Spring Data repository scanning in 21 ms. Found 2 JPA repository interfaces.
2024-08-02 11:29:00.500  INFO 29972 --- [           main] org.springframework.boot.web.embedded.tomcat.TomcatWebServer : Tomcat initialized with port 8080 (http)
2024-08-02 11:29:00.506  INFO 29972 --- [           main] org.apache.catalina.core.StandardService : Starting service [Tomcat]
2024-08-02 11:29:00.506  INFO 29972 --- [           main] org.apache.catalina.core.StandardEngine : Starting Servlet engine: [Apache Tomcat/10.1.26]
2024-08-02 11:29:00.543  INFO 29972 --- [           main] org.apache.catalina.core.ContainerBase.[Tomcat].[localhost].[/] : Initializing Spring embedded WebApplicationContext
2024-08-02 11:29:00.544  INFO 29972 --- [           main] org.springframework.boot.web.servlet.context.ServletWebServerApplicationContext : Root WebApplicationContext: initialization completed in 533 ms
2024-08-02 11:29:00.588  INFO 29972 --- [           main] com.zaxxer.hikari.HikariDataSource : HikariPool-1 - Starting...
2024-08-02 11:29:00.673  INFO 29972 --- [           main] com.zaxxer.hikari.pool.HikariPool : HikariPool-1 - Added connection org.postgresql.jdbc.PgConnection@27ec8754
2024-08-02 11:29:00.674  INFO 29972 --- [           main] com.zaxxer.hikari.HikariDataSource : HikariPool-1 - Start completed.
2024-08-02 11:29:00.719  INFO 29972 --- [           main] org.hibernate.jpa.internal.util.LogHelper : HHH000204: Processing PersistenceUnitInfo [name: default]
2024-08-02 11:29:00.746  INFO 29972 --- [           main] org.hibernate.Version : HHH000412: Hibernate ORM core version 6.5.2.Final
2024-08-02 11:29:00.762  INFO 29972 --- [           main] org.hibernate.cache.internal.RegionFactoryInitiator : HHH000026: Second-level cache disabled
2024-08-02 11:29:00.902  INFO 29972 --- [           main] org.springframework.orm.jpa.persistenceunit.SpringPersistenceUnitInfo : No LoadTimeWeaver setup: ignoring JPA class transformer
2024-08-02 11:29:01.010 ERROR 29972 --- [           main] org.springframework.orm.jpa.LocalContainerEntityManagerFactoryBean : Failed to initialize JPA EntityManagerFactory: Property 'ru.t1academy.java.hw1.model.Order.user' is not a collection and may not be a '@OneToMany', '@ManyToMany', or '@ElementCollection'
2024-08-02 11:29:01.010  WARN 29972 --- [           main] org.springframework.boot.web.servlet.context.AnnotationConfigServletWebServerApplicationContext : Exception encountered during context initialization - cancelling refresh attempt: org.springframework.beans.factory.BeanCreationException: Error creating bean with name 'entityManagerFactory' defined in class path resource [org/springframework/boot/autoconfigure/orm/jpa/HibernateJpaConfiguration.class]: Property 'ru.t1academy.java.hw1.model.Order.user' is not a collection and may not be a '@OneToMany', '@ManyToMany', or '@ElementCollection'
2024-08-02 11:29:01.010  INFO 29972 --- [           main] com.zaxxer.hikari.HikariDataSource : HikariPool-1 - Shutdown initiated...
2024-08-02 11:29:01.073  INFO 29972 --- [           main] com.zaxxer.hikari.HikariDataSource : HikariPool-1 - Shutdown completed.
2024-08-02 11:29:01.075  INFO 29972 --- [           main] org.apache.catalina.core.StandardService : Stopping service [Tomcat]
2024-08-02 11:29:01.082  INFO 29972 --- [           main] org.springframework.boot.autoconfigure.logging.ConditionEvaluationReportLogger : 

Error starting ApplicationContext. To display the condition evaluation report re-run your application with 'debug' enabled.
2024-08-02 11:29:01.089 ERROR 29972 --- [           main] org.springframework.boot.SpringApplication : Application run failed

org.springframework.beans.factory.BeanCreationException: Error creating bean with name 'entityManagerFactory' defined in class path resource [org/springframework/boot/autoconfigure/orm/jpa/HibernateJpaConfiguration.class]: Property 'ru.t1academy.java.hw1.model.Order.user' is not a collection and may not be a '@OneToMany', '@ManyToMany', or '@ElementCollection'
	at org.springframework.beans.factory.support.AbstractAutowireCapableBeanFactory.initializeBean(AbstractAutowireCapableBeanFactory.java:1806) ~[spring-beans-6.1.11.jar:6.1.11]
	at org.springframework.beans.factory.support.AbstractAutowireCapableBeanFactory.doCreateBean(AbstractAutowireCapableBeanFactory.java:600) ~[spring-beans-6.1.11.jar:6.1.11]
	at org.springframework.beans.factory.support.AbstractAutowireCapableBeanFactory.createBean(AbstractAutowireCapableBeanFactory.java:522) ~[spring-beans-6.1.11.jar:6.1.11]
	at org.springframework.beans.factory.support.AbstractBeanFactory.lambda$doGetBean$0(AbstractBeanFactory.java:337) ~[spring-beans-6.1.11.jar:6.1.11]
	at org.springframework.beans.factory.support.DefaultSingletonBeanRegistry.getSingleton(DefaultSingletonBeanRegistry.java:234) ~[spring-beans-6.1.11.jar:6.1.11]
	at org.springframework.beans.factory.support.AbstractBeanFactory.doGetBean(AbstractBeanFactory.java:335) ~[spring-beans-6.1.11.jar:6.1.11]
	at org.springframework.beans.factory.support.AbstractBeanFactory.getBean(AbstractBeanFactory.java:205) ~[spring-beans-6.1.11.jar:6.1.11]
	at org.springframework.context.support.AbstractApplicationContext.finishBeanFactoryInitialization(AbstractApplicationContext.java:954) ~[spring-context-6.1.11.jar:6.1.11]
	at org.springframework.context.support.AbstractApplicationContext.refresh(AbstractApplicationContext.java:625) ~[spring-context-6.1.11.jar:6.1.11]
	at org.springframework.boot.web.servlet.context.ServletWebServerApplicationContext.refresh(ServletWebServerApplicationContext.java:146) ~[spring-boot-3.3.2.jar:3.3.2]
	at org.springframework.boot.SpringApplication.refresh(SpringApplication.java:754) [spring-boot-3.3.2.jar:3.3.2]
	at org.springframework.boot.SpringApplication.refreshContext(SpringApplication.java:456) [spring-boot-3.3.2.jar:3.3.2]
	at org.springframework.boot.SpringApplication.run(SpringApplication.java:335) [spring-boot-3.3.2.jar:3.3.2]
	at org.springframework.boot.SpringApplication.run(SpringApplication.java:1363) [spring-boot-3.3.2.jar:3.3.2]
	at org.springframework.boot.SpringApplication.run(SpringApplication.java:1352) [spring-boot-3.3.2.jar:3.3.2]
	at ru.t1academy.java.hw1.Hw1Application.main(Hw1Application.java:10) [classes/:?]
Caused by: org.hibernate.AnnotationException: Property 'ru.t1academy.java.hw1.model.Order.user' is not a collection and may not be a '@OneToMany', '@ManyToMany', or '@ElementCollection'
	at org.hibernate.boot.model.internal.CollectionBinder.determineSemanticJavaType(CollectionBinder.java:1123) ~[hibernate-core-6.5.2.Final.jar:6.5.2.Final]
	at org.hibernate.boot.model.internal.CollectionBinder.determineCollectionClassification(CollectionBinder.java:1015) ~[hibernate-core-6.5.2.Final.jar:6.5.2.Final]
	at org.hibernate.boot.model.internal.CollectionBinder.createBinderAutomatically(CollectionBinder.java:857) ~[hibernate-core-6.5.2.Final.jar:6.5.2.Final]
	at org.hibernate.boot.model.internal.CollectionBinder.getCollectionBinder(CollectionBinder.java:850) ~[hibernate-core-6.5.2.Final.jar:6.5.2.Final]
	at org.hibernate.boot.model.internal.CollectionBinder.bindCollection(CollectionBinder.java:286) ~[hibernate-core-6.5.2.Final.jar:6.5.2.Final]
	at org.hibernate.boot.model.internal.PropertyBinder.bindProperty(PropertyBinder.java:887) ~[hibernate-core-6.5.2.Final.jar:6.5.2.Final]
	at org.hibernate.boot.model.internal.PropertyBinder.buildProperty(PropertyBinder.java:801) ~[hibernate-core-6.5.2.Final.jar:6.5.2.Final]
	at org.hibernate.boot.model.internal.PropertyBinder.processElementAnnotations(PropertyBinder.java:722) ~[hibernate-core-6.5.2.Final.jar:6.5.2.Final]
	at org.hibernate.boot.model.internal.EntityBinder.processIdPropertiesIfNotAlready(EntityBinder.java:1083) ~[hibernate-core-6.5.2.Final.jar:6.5.2.Final]
	at org.hibernate.boot.model.internal.EntityBinder.handleIdentifier(EntityBinder.java:416) ~[hibernate-core-6.5.2.Final.jar:6.5.2.Final]
	at org.hibernate.boot.model.internal.EntityBinder.bindEntityClass(EntityBinder.java:248) ~[hibernate-core-6.5.2.Final.jar:6.5.2.Final]
	at org.hibernate.boot.model.internal.AnnotationBinder.bindClass(AnnotationBinder.java:399) ~[hibernate-core-6.5.2.Final.jar:6.5.2.Final]
	at org.hibernate.boot.model.source.internal.annotations.AnnotationMetadataSourceProcessorImpl.processEntityHierarchies(AnnotationMetadataSourceProcessorImpl.java:259) ~[hibernate-core-6.5.2.Final.jar:6.5.2.Final]
	at org.hibernate.boot.model.process.spi.MetadataBuildingProcess$1.processEntityHierarchies(MetadataBuildingProcess.java:281) ~[hibernate-core-6.5.2.Final.jar:6.5.2.Final]
	at org.hibernate.boot.model.process.spi.MetadataBuildingProcess.complete(MetadataBuildingProcess.java:324) ~[hibernate-core-6.5.2.Final.jar:6.5.2.Final]
	at org.hibernate.jpa.boot.internal.EntityManagerFactoryBuilderImpl.metadata(EntityManagerFactoryBuilderImpl.java:1431) ~[hibernate-core-6.5.2.Final.jar:6.5.2.Final]
	at org.hibernate.jpa.boot.internal.EntityManagerFactoryBuilderImpl.build(EntityManagerFactoryBuilderImpl.java:1502) ~[hibernate-core-6.5.2.Final.jar:6.5.2.Final]
	at org.springframework.orm.jpa.vendor.SpringHibernateJpaPersistenceProvider.createContainerEntityManagerFactory(SpringHibernateJpaPersistenceProvider.java:75) ~[spring-orm-6.1.11.jar:6.1.11]
	at org.springframework.orm.jpa.LocalContainerEntityManagerFactoryBean.createNativeEntityManagerFactory(LocalContainerEntityManagerFactoryBean.java:390) ~[spring-orm-6.1.11.jar:6.1.11]
	at org.springframework.orm.jpa.AbstractEntityManagerFactoryBean.buildNativeEntityManagerFactory(AbstractEntityManagerFactoryBean.java:409) ~[spring-orm-6.1.11.jar:6.1.11]
	at org.springframework.orm.jpa.AbstractEntityManagerFactoryBean.afterPropertiesSet(AbstractEntityManagerFactoryBean.java:396) ~[spring-orm-6.1.11.jar:6.1.11]
	at org.springframework.orm.jpa.LocalContainerEntityManagerFactoryBean.afterPropertiesSet(LocalContainerEntityManagerFactoryBean.java:366) ~[spring-orm-6.1.11.jar:6.1.11]
	at org.springframework.beans.factory.support.AbstractAutowireCapableBeanFactory.invokeInitMethods(AbstractAutowireCapableBeanFactory.java:1853) ~[spring-beans-6.1.11.jar:6.1.11]
	at org.springframework.beans.factory.support.AbstractAutowireCapableBeanFactory.initializeBean(AbstractAutowireCapableBeanFactory.java:1802) ~[spring-beans-6.1.11.jar:6.1.11]
	... 15 more

2024-08-02 11:32:02.991  INFO 28392 --- [           main] org.springframework.data.repository.config.RepositoryConfigurationDelegate : Bootstrapping Spring Data JPA repositories in DEFAULT mode.
2024-08-02 11:32:03.018  INFO 28392 --- [           main] org.springframework.data.repository.config.RepositoryConfigurationDelegate : Finished Spring Data repository scanning in 20 ms. Found 2 JPA repository interfaces.
2024-08-02 11:32:03.235  INFO 28392 --- [           main] org.springframework.boot.web.embedded.tomcat.TomcatWebServer : Tomcat initialized with port 8080 (http)
2024-08-02 11:32:03.242  INFO 28392 --- [           main] org.apache.catalina.core.StandardService : Starting service [Tomcat]
2024-08-02 11:32:03.242  INFO 28392 --- [           main] org.apache.catalina.core.StandardEngine : Starting Servlet engine: [Apache Tomcat/10.1.26]
2024-08-02 11:32:03.269  INFO 28392 --- [           main] org.apache.catalina.core.ContainerBase.[Tomcat].[localhost].[/] : Initializing Spring embedded WebApplicationContext
2024-08-02 11:32:03.269  INFO 28392 --- [           main] org.springframework.boot.web.servlet.context.ServletWebServerApplicationContext : Root WebApplicationContext: initialization completed in 522 ms
2024-08-02 11:32:03.314  INFO 28392 --- [           main] com.zaxxer.hikari.HikariDataSource : HikariPool-1 - Starting...
2024-08-02 11:32:03.389  INFO 28392 --- [           main] com.zaxxer.hikari.pool.HikariPool : HikariPool-1 - Added connection org.postgresql.jdbc.PgConnection@28768e25
2024-08-02 11:32:03.390  INFO 28392 --- [           main] com.zaxxer.hikari.HikariDataSource : HikariPool-1 - Start completed.
2024-08-02 11:32:03.429  INFO 28392 --- [           main] org.hibernate.jpa.internal.util.LogHelper : HHH000204: Processing PersistenceUnitInfo [name: default]
2024-08-02 11:32:03.471  INFO 28392 --- [           main] org.hibernate.Version : HHH000412: Hibernate ORM core version 6.5.2.Final
2024-08-02 11:32:03.485  INFO 28392 --- [           main] org.hibernate.cache.internal.RegionFactoryInitiator : HHH000026: Second-level cache disabled
2024-08-02 11:32:03.606  INFO 28392 --- [           main] org.springframework.orm.jpa.persistenceunit.SpringPersistenceUnitInfo : No LoadTimeWeaver setup: ignoring JPA class transformer
2024-08-02 11:32:04.027  INFO 28392 --- [           main] org.hibernate.engine.transaction.jta.platform.internal.JtaPlatformInitiator : HHH000489: No JTA platform available (set 'hibernate.transaction.jta.platform' to enable JTA platform integration)
2024-08-02 11:32:04.029  INFO 28392 --- [           main] org.springframework.orm.jpa.LocalContainerEntityManagerFactoryBean : Initialized JPA EntityManagerFactory for persistence unit 'default'
2024-08-02 11:32:04.046  WARN 28392 --- [           main] org.springframework.boot.autoconfigure.orm.jpa.JpaBaseConfiguration$JpaWebConfiguration : spring.jpa.open-in-view is enabled by default. Therefore, database queries may be performed during view rendering. Explicitly configure spring.jpa.open-in-view to disable this warning
2024-08-02 11:32:04.317  INFO 28392 --- [           main] org.springframework.boot.web.embedded.tomcat.TomcatWebServer : Tomcat started on port 8080 (http) with context path '/'
2024-08-02 11:33:38.076  INFO 28392 --- [ionShutdownHook] org.springframework.orm.jpa.LocalContainerEntityManagerFactoryBean : Closing JPA EntityManagerFactory for persistence unit 'default'
2024-08-02 11:33:38.077  INFO 28392 --- [ionShutdownHook] com.zaxxer.hikari.HikariDataSource : HikariPool-1 - Shutdown initiated...
2024-08-02 11:33:38.079  INFO 28392 --- [ionShutdownHook] com.zaxxer.hikari.HikariDataSource : HikariPool-1 - Shutdown completed.
2024-08-02 11:33:39.925  INFO 15028 --- [           main] org.springframework.data.repository.config.RepositoryConfigurationDelegate : Bootstrapping Spring Data JPA repositories in DEFAULT mode.
2024-08-02 11:33:39.953  INFO 15028 --- [           main] org.springframework.data.repository.config.RepositoryConfigurationDelegate : Finished Spring Data repository scanning in 22 ms. Found 2 JPA repository interfaces.
2024-08-02 11:33:40.170  INFO 15028 --- [           main] org.springframework.boot.web.embedded.tomcat.TomcatWebServer : Tomcat initialized with port 8080 (http)
2024-08-02 11:33:40.177  INFO 15028 --- [           main] org.apache.catalina.core.StandardService : Starting service [Tomcat]
2024-08-02 11:33:40.177  INFO 15028 --- [           main] org.apache.catalina.core.StandardEngine : Starting Servlet engine: [Apache Tomcat/10.1.26]
2024-08-02 11:33:40.216  INFO 15028 --- [           main] org.apache.catalina.core.ContainerBase.[Tomcat].[localhost].[/] : Initializing Spring embedded WebApplicationContext
2024-08-02 11:33:40.217  INFO 15028 --- [           main] org.springframework.boot.web.servlet.context.ServletWebServerApplicationContext : Root WebApplicationContext: initialization completed in 546 ms
2024-08-02 11:33:40.270  INFO 15028 --- [           main] com.zaxxer.hikari.HikariDataSource : HikariPool-1 - Starting...
2024-08-02 11:33:40.349  INFO 15028 --- [           main] com.zaxxer.hikari.pool.HikariPool : HikariPool-1 - Added connection org.postgresql.jdbc.PgConnection@756808cc
2024-08-02 11:33:40.350  INFO 15028 --- [           main] com.zaxxer.hikari.HikariDataSource : HikariPool-1 - Start completed.
2024-08-02 11:33:40.390  INFO 15028 --- [           main] org.hibernate.jpa.internal.util.LogHelper : HHH000204: Processing PersistenceUnitInfo [name: default]
2024-08-02 11:33:40.418  INFO 15028 --- [           main] org.hibernate.Version : HHH000412: Hibernate ORM core version 6.5.2.Final
2024-08-02 11:33:40.435  INFO 15028 --- [           main] org.hibernate.cache.internal.RegionFactoryInitiator : HHH000026: Second-level cache disabled
2024-08-02 11:33:40.574  INFO 15028 --- [           main] org.springframework.orm.jpa.persistenceunit.SpringPersistenceUnitInfo : No LoadTimeWeaver setup: ignoring JPA class transformer
2024-08-02 11:33:41.016  INFO 15028 --- [           main] org.hibernate.engine.transaction.jta.platform.internal.JtaPlatformInitiator : HHH000489: No JTA platform available (set 'hibernate.transaction.jta.platform' to enable JTA platform integration)
2024-08-02 11:33:41.017  INFO 15028 --- [           main] org.springframework.orm.jpa.LocalContainerEntityManagerFactoryBean : Initialized JPA EntityManagerFactory for persistence unit 'default'
2024-08-02 11:33:41.035  WARN 15028 --- [           main] org.springframework.boot.autoconfigure.orm.jpa.JpaBaseConfiguration$JpaWebConfiguration : spring.jpa.open-in-view is enabled by default. Therefore, database queries may be performed during view rendering. Explicitly configure spring.jpa.open-in-view to disable this warning
2024-08-02 11:33:41.289  INFO 15028 --- [           main] org.springframework.boot.web.embedded.tomcat.TomcatWebServer : Tomcat started on port 8080 (http) with context path '/'
2024-08-02 11:35:18.025  INFO 15028 --- [ionShutdownHook] org.springframework.orm.jpa.LocalContainerEntityManagerFactoryBean : Closing JPA EntityManagerFactory for persistence unit 'default'
2024-08-02 11:35:18.026  INFO 15028 --- [ionShutdownHook] com.zaxxer.hikari.HikariDataSource : HikariPool-1 - Shutdown initiated...
2024-08-02 11:35:18.027  INFO 15028 --- [ionShutdownHook] com.zaxxer.hikari.HikariDataSource : HikariPool-1 - Shutdown completed.
2024-08-02 11:35:20.011  INFO 32452 --- [           main] org.springframework.data.repository.config.RepositoryConfigurationDelegate : Bootstrapping Spring Data JPA repositories in DEFAULT mode.
2024-08-02 11:35:20.039  INFO 32452 --- [           main] org.springframework.data.repository.config.RepositoryConfigurationDelegate : Finished Spring Data repository scanning in 21 ms. Found 2 JPA repository interfaces.
2024-08-02 11:35:20.265  INFO 32452 --- [           main] org.springframework.boot.web.embedded.tomcat.TomcatWebServer : Tomcat initialized with port 8080 (http)
2024-08-02 11:35:20.272  INFO 32452 --- [           main] org.apache.catalina.core.StandardService : Starting service [Tomcat]
2024-08-02 11:35:20.272  INFO 32452 --- [           main] org.apache.catalina.core.StandardEngine : Starting Servlet engine: [Apache Tomcat/10.1.26]
2024-08-02 11:35:20.300  INFO 32452 --- [           main] org.apache.catalina.core.ContainerBase.[Tomcat].[localhost].[/] : Initializing Spring embedded WebApplicationContext
2024-08-02 11:35:20.301  INFO 32452 --- [           main] org.springframework.boot.web.servlet.context.ServletWebServerApplicationContext : Root WebApplicationContext: initialization completed in 545 ms
2024-08-02 11:35:20.347  INFO 32452 --- [           main] com.zaxxer.hikari.HikariDataSource : HikariPool-1 - Starting...
2024-08-02 11:35:20.427  INFO 32452 --- [           main] com.zaxxer.hikari.pool.HikariPool : HikariPool-1 - Added connection org.postgresql.jdbc.PgConnection@310d57b1
2024-08-02 11:35:20.427  INFO 32452 --- [           main] com.zaxxer.hikari.HikariDataSource : HikariPool-1 - Start completed.
2024-08-02 11:35:20.467  INFO 32452 --- [           main] org.hibernate.jpa.internal.util.LogHelper : HHH000204: Processing PersistenceUnitInfo [name: default]
2024-08-02 11:35:20.503  INFO 32452 --- [           main] org.hibernate.Version : HHH000412: Hibernate ORM core version 6.5.2.Final
2024-08-02 11:35:20.517  INFO 32452 --- [           main] org.hibernate.cache.internal.RegionFactoryInitiator : HHH000026: Second-level cache disabled
2024-08-02 11:35:20.640  INFO 32452 --- [           main] org.springframework.orm.jpa.persistenceunit.SpringPersistenceUnitInfo : No LoadTimeWeaver setup: ignoring JPA class transformer
2024-08-02 11:35:20.666  WARN 32452 --- [           main] org.hibernate.orm.deprecation : HHH90000025: PostgreSQLDialect does not need to be specified explicitly using 'hibernate.dialect' (remove the property setting and it will be selected by default)
2024-08-02 11:35:21.066  INFO 32452 --- [           main] org.hibernate.engine.transaction.jta.platform.internal.JtaPlatformInitiator : HHH000489: No JTA platform available (set 'hibernate.transaction.jta.platform' to enable JTA platform integration)
2024-08-02 11:35:21.067  INFO 32452 --- [           main] org.springframework.orm.jpa.LocalContainerEntityManagerFactoryBean : Initialized JPA EntityManagerFactory for persistence unit 'default'
2024-08-02 11:35:21.085  WARN 32452 --- [           main] org.springframework.boot.autoconfigure.orm.jpa.JpaBaseConfiguration$JpaWebConfiguration : spring.jpa.open-in-view is enabled by default. Therefore, database queries may be performed during view rendering. Explicitly configure spring.jpa.open-in-view to disable this warning
2024-08-02 11:35:21.366  INFO 32452 --- [           main] org.springframework.boot.web.embedded.tomcat.TomcatWebServer : Tomcat started on port 8080 (http) with context path '/'
2024-08-02 11:36:00.803  INFO 32452 --- [ionShutdownHook] org.springframework.orm.jpa.LocalContainerEntityManagerFactoryBean : Closing JPA EntityManagerFactory for persistence unit 'default'
2024-08-02 11:36:00.804  INFO 32452 --- [ionShutdownHook] com.zaxxer.hikari.HikariDataSource : HikariPool-1 - Shutdown initiated...
2024-08-02 11:36:00.806  INFO 32452 --- [ionShutdownHook] com.zaxxer.hikari.HikariDataSource : HikariPool-1 - Shutdown completed.
2024-08-02 11:36:02.647  INFO 23788 --- [           main] org.springframework.data.repository.config.RepositoryConfigurationDelegate : Bootstrapping Spring Data JPA repositories in DEFAULT mode.
2024-08-02 11:36:02.676  INFO 23788 --- [           main] org.springframework.data.repository.config.RepositoryConfigurationDelegate : Finished Spring Data repository scanning in 22 ms. Found 2 JPA repository interfaces.
2024-08-02 11:36:02.909  INFO 23788 --- [           main] org.springframework.boot.web.embedded.tomcat.TomcatWebServer : Tomcat initialized with port 8080 (http)
2024-08-02 11:36:02.916  INFO 23788 --- [           main] org.apache.catalina.core.StandardService : Starting service [Tomcat]
2024-08-02 11:36:02.916  INFO 23788 --- [           main] org.apache.catalina.core.StandardEngine : Starting Servlet engine: [Apache Tomcat/10.1.26]
2024-08-02 11:36:02.945  INFO 23788 --- [           main] org.apache.catalina.core.ContainerBase.[Tomcat].[localhost].[/] : Initializing Spring embedded WebApplicationContext
2024-08-02 11:36:02.945  INFO 23788 --- [           main] org.springframework.boot.web.servlet.context.ServletWebServerApplicationContext : Root WebApplicationContext: initialization completed in 554 ms
2024-08-02 11:36:02.992  INFO 23788 --- [           main] com.zaxxer.hikari.HikariDataSource : HikariPool-1 - Starting...
2024-08-02 11:36:03.071  INFO 23788 --- [           main] com.zaxxer.hikari.pool.HikariPool : HikariPool-1 - Added connection org.postgresql.jdbc.PgConnection@756808cc
2024-08-02 11:36:03.072  INFO 23788 --- [           main] com.zaxxer.hikari.HikariDataSource : HikariPool-1 - Start completed.
2024-08-02 11:36:03.130  INFO 23788 --- [           main] org.hibernate.jpa.internal.util.LogHelper : HHH000204: Processing PersistenceUnitInfo [name: default]
2024-08-02 11:36:03.157  INFO 23788 --- [           main] org.hibernate.Version : HHH000412: Hibernate ORM core version 6.5.2.Final
2024-08-02 11:36:03.171  INFO 23788 --- [           main] org.hibernate.cache.internal.RegionFactoryInitiator : HHH000026: Second-level cache disabled
2024-08-02 11:36:03.298  INFO 23788 --- [           main] org.springframework.orm.jpa.persistenceunit.SpringPersistenceUnitInfo : No LoadTimeWeaver setup: ignoring JPA class transformer
2024-08-02 11:36:03.327  WARN 23788 --- [           main] org.hibernate.orm.deprecation : HHH90000025: PostgreSQLDialect does not need to be specified explicitly using 'hibernate.dialect' (remove the property setting and it will be selected by default)
2024-08-02 11:36:03.743  INFO 23788 --- [           main] org.hibernate.engine.transaction.jta.platform.internal.JtaPlatformInitiator : HHH000489: No JTA platform available (set 'hibernate.transaction.jta.platform' to enable JTA platform integration)
2024-08-02 11:36:03.745  INFO 23788 --- [           main] org.springframework.orm.jpa.LocalContainerEntityManagerFactoryBean : Initialized JPA EntityManagerFactory for persistence unit 'default'
2024-08-02 11:36:03.764  WARN 23788 --- [           main] org.springframework.boot.autoconfigure.orm.jpa.JpaBaseConfiguration$JpaWebConfiguration : spring.jpa.open-in-view is enabled by default. Therefore, database queries may be performed during view rendering. Explicitly configure spring.jpa.open-in-view to disable this warning
2024-08-02 11:36:04.027  INFO 23788 --- [           main] org.springframework.boot.web.embedded.tomcat.TomcatWebServer : Tomcat started on port 8080 (http) with context path '/'
2024-08-02 11:39:09.352  INFO 23788 --- [ionShutdownHook] org.springframework.orm.jpa.LocalContainerEntityManagerFactoryBean : Closing JPA EntityManagerFactory for persistence unit 'default'
2024-08-02 11:39:09.354  INFO 23788 --- [ionShutdownHook] com.zaxxer.hikari.HikariDataSource : HikariPool-1 - Shutdown initiated...
2024-08-02 11:39:09.356  INFO 23788 --- [ionShutdownHook] com.zaxxer.hikari.HikariDataSource : HikariPool-1 - Shutdown completed.
2024-08-02 11:40:23.321  INFO 23076 --- [           main] org.springframework.data.repository.config.RepositoryConfigurationDelegate : Bootstrapping Spring Data JPA repositories in DEFAULT mode.
2024-08-02 11:40:23.349  INFO 23076 --- [           main] org.springframework.data.repository.config.RepositoryConfigurationDelegate : Finished Spring Data repository scanning in 21 ms. Found 2 JPA repository interfaces.
2024-08-02 11:40:23.582  INFO 23076 --- [           main] org.springframework.boot.web.embedded.tomcat.TomcatWebServer : Tomcat initialized with port 8080 (http)
2024-08-02 11:40:23.590  INFO 23076 --- [           main] org.apache.catalina.core.StandardService : Starting service [Tomcat]
2024-08-02 11:40:23.590  INFO 23076 --- [           main] org.apache.catalina.core.StandardEngine : Starting Servlet engine: [Apache Tomcat/10.1.26]
2024-08-02 11:40:23.623  INFO 23076 --- [           main] org.apache.catalina.core.ContainerBase.[Tomcat].[localhost].[/] : Initializing Spring embedded WebApplicationContext
2024-08-02 11:40:23.624  INFO 23076 --- [           main] org.springframework.boot.web.servlet.context.ServletWebServerApplicationContext : Root WebApplicationContext: initialization completed in 552 ms
2024-08-02 11:40:23.675  INFO 23076 --- [           main] com.zaxxer.hikari.HikariDataSource : HikariPool-1 - Starting...
2024-08-02 11:40:23.772  INFO 23076 --- [           main] com.zaxxer.hikari.pool.HikariPool : HikariPool-1 - Added connection org.postgresql.jdbc.PgConnection@28768e25
2024-08-02 11:40:23.773  INFO 23076 --- [           main] com.zaxxer.hikari.HikariDataSource : HikariPool-1 - Start completed.
2024-08-02 11:40:23.818  INFO 23076 --- [           main] org.hibernate.jpa.internal.util.LogHelper : HHH000204: Processing PersistenceUnitInfo [name: default]
2024-08-02 11:40:23.846  INFO 23076 --- [           main] org.hibernate.Version : HHH000412: Hibernate ORM core version 6.5.2.Final
2024-08-02 11:40:23.862  INFO 23076 --- [           main] org.hibernate.cache.internal.RegionFactoryInitiator : HHH000026: Second-level cache disabled
2024-08-02 11:40:23.991  INFO 23076 --- [           main] org.springframework.orm.jpa.persistenceunit.SpringPersistenceUnitInfo : No LoadTimeWeaver setup: ignoring JPA class transformer
2024-08-02 11:40:24.018  WARN 23076 --- [           main] org.hibernate.orm.deprecation : HHH90000025: PostgreSQLDialect does not need to be specified explicitly using 'hibernate.dialect' (remove the property setting and it will be selected by default)
2024-08-02 11:40:24.410  INFO 23076 --- [           main] org.hibernate.engine.transaction.jta.platform.internal.JtaPlatformInitiator : HHH000489: No JTA platform available (set 'hibernate.transaction.jta.platform' to enable JTA platform integration)
2024-08-02 11:40:24.411  INFO 23076 --- [           main] org.springframework.orm.jpa.LocalContainerEntityManagerFactoryBean : Initialized JPA EntityManagerFactory for persistence unit 'default'
2024-08-02 11:40:24.430  WARN 23076 --- [           main] org.springframework.boot.autoconfigure.orm.jpa.JpaBaseConfiguration$JpaWebConfiguration : spring.jpa.open-in-view is enabled by default. Therefore, database queries may be performed during view rendering. Explicitly configure spring.jpa.open-in-view to disable this warning
2024-08-02 11:40:24.676  INFO 23076 --- [           main] org.springframework.boot.web.embedded.tomcat.TomcatWebServer : Tomcat started on port 8080 (http) with context path '/'
2024-08-02 12:39:30.343  INFO 23076 --- [ionShutdownHook] org.springframework.orm.jpa.LocalContainerEntityManagerFactoryBean : Closing JPA EntityManagerFactory for persistence unit 'default'
2024-08-02 12:39:30.344  INFO 23076 --- [ionShutdownHook] com.zaxxer.hikari.HikariDataSource : HikariPool-1 - Shutdown initiated...
2024-08-02 12:39:30.346  INFO 23076 --- [ionShutdownHook] com.zaxxer.hikari.HikariDataSource : HikariPool-1 - Shutdown completed.
